CasoPractico6/app/build/intermediates/manifest_merge_blame_file/debug/manifest-merger-blame-debug-report.txt
1<?xml version="1.0" encoding="utf-8"?>
2<manifest xmlns:android="http://schemas.android.com/apk/res/android"
3    package="com.example.casopractico5"
4    android:versionCode="1"
5    android:versionName="1.0" >
6
7    <uses-sdk
8        android:minSdkVersion="28"
9        android:targetSdkVersion="33" />
10
11    <uses-permission android:name="android.permission.INTERNET" />
11-->src\main\AndroidManifest.xml:5:5-67
11-->src\main\AndroidManifest.xml:5:22-64
12    <uses-permission android:name="android.permission.ACCESS_NETWORK_STATE" />
12-->src\main\AndroidManifest.xml:6:5-79
12-->src\main\AndroidManifest.xml:6:22-76
13    <uses-permission android:name="android.permission.ACCESS_FINE_LOCATION" />
13-->src\main\AndroidManifest.xml:7:5-79
13-->src\main\AndroidManifest.xml:7:22-76
14    <uses-permission android:name="android.permission.ACCESS_COARSE_LOCATION" />
14-->src\main\AndroidManifest.xml:8:5-81
14-->src\main\AndroidManifest.xml:8:22-78
15
16    <uses-feature
16-->[com.google.android.gms:play-services-maps:18.2.0] AndroidManifest.xml:26:5-28:35
17        android:glEsVersion="0x00020000"
17-->[com.google.android.gms:play-services-maps:18.2.0] AndroidManifest.xml:27:9-41
18        android:required="true" />
18-->[com.google.android.gms:play-services-maps:18.2.0] AndroidManifest.xml:28:9-32
19
20    <queries>
20-->[com.google.android.gms:play-services-maps:18.2.0] AndroidManifest.xml:30:5-34:15
21
22        <!-- Needs to be explicitly declared on Android R+ -->
23        <package android:name="com.google.android.apps.maps" />
23-->[com.google.android.gms:play-services-maps:18.2.0] AndroidManifest.xml:33:9-64
23-->[com.google.android.gms:play-services-maps:18.2.0] AndroidManifest.xml:33:18-61
24    </queries>
25
26    <permission
26-->[androidx.core:core:1.12.0] AndroidManifest.xml:22:5-24:47
27        android:name="com.example.casopractico5.DYNAMIC_RECEIVER_NOT_EXPORTED_PERMISSION"
27-->[androidx.core:core:1.12.0] AndroidManifest.xml:23:9-81
28        android:protectionLevel="signature" />
28-->[androidx.core:core:1.12.0] AndroidManifest.xml:24:9-44
29
30    <uses-permission android:name="com.example.casopractico5.DYNAMIC_RECEIVER_NOT_EXPORTED_PERMISSION" />
30-->[androidx.core:core:1.12.0] AndroidManifest.xml:26:5-97
30-->[androidx.core:core:1.12.0] AndroidManifest.xml:26:22-94
31
32    <supports-screens
32-->[org.osmdroid:osmdroid-android:6.1.18] AndroidManifest.xml:9:5-12:40
33        android:anyDensity="true"
33-->[org.osmdroid:osmdroid-android:6.1.18] AndroidManifest.xml:10:9-34
34        android:largeScreens="true"
34-->[org.osmdroid:osmdroid-android:6.1.18] AndroidManifest.xml:11:9-36
35        android:normalScreens="true" />
35-->[org.osmdroid:osmdroid-android:6.1.18] AndroidManifest.xml:12:9-37
36
37    <uses-feature
37-->[org.osmdroid:osmdroid-android:6.1.18] AndroidManifest.xml:14:5-16:36
38        android:name="android.hardware.location.network"
38-->[org.osmdroid:osmdroid-android:6.1.18] AndroidManifest.xml:15:9-57
39        android:required="false" />
39-->[org.osmdroid:osmdroid-android:6.1.18] AndroidManifest.xml:16:9-33
40    <uses-feature
40-->[org.osmdroid:osmdroid-android:6.1.18] AndroidManifest.xml:17:5-19:36
41        android:name="android.hardware.location.gps"
41-->[org.osmdroid:osmdroid-android:6.1.18] AndroidManifest.xml:18:9-53
42        android:required="false" />
42-->[org.osmdroid:osmdroid-android:6.1.18] AndroidManifest.xml:19:9-33
43    <uses-feature
43-->[org.osmdroid:osmdroid-android:6.1.18] AndroidManifest.xml:20:5-22:36
44        android:name="android.hardware.telephony"
44-->[org.osmdroid:osmdroid-android:6.1.18] AndroidManifest.xml:21:9-50
45        android:required="false" />
45-->[org.osmdroid:osmdroid-android:6.1.18] AndroidManifest.xml:22:9-33
46    <uses-feature
46-->[org.osmdroid:osmdroid-android:6.1.18] AndroidManifest.xml:23:5-25:36
47        android:name="android.hardware.wifi"
47-->[org.osmdroid:osmdroid-android:6.1.18] AndroidManifest.xml:24:9-45
48        android:required="false" />
48-->[org.osmdroid:osmdroid-android:6.1.18] AndroidManifest.xml:25:9-33
49
50    <application
50-->src\main\AndroidManifest.xml:10:5-58:19
51        android:allowBackup="true"
51-->src\main\AndroidManifest.xml:11:9-35
52        android:appComponentFactory="androidx.core.app.CoreComponentFactory"
52-->[androidx.core:core:1.12.0] AndroidManifest.xml:28:18-86
53        android:dataExtractionRules="@xml/data_extraction_rules"
53-->src\main\AndroidManifest.xml:12:9-65
54        android:debuggable="true"
55        android:extractNativeLibs="false"
56        android:fullBackupContent="@xml/backup_rules"
56-->src\main\AndroidManifest.xml:13:9-54
57        android:icon="@drawable/spain"
57-->src\main\AndroidManifest.xml:14:9-39
58        android:label="@string/app_name"
58-->src\main\AndroidManifest.xml:15:9-41
59        android:roundIcon="@drawable/spain"
59-->src\main\AndroidManifest.xml:16:9-44
60        android:supportsRtl="true"
60-->src\main\AndroidManifest.xml:17:9-35
61        android:testOnly="true"
62        android:theme="@style/Base.Theme.CasoPractico5" >
62-->src\main\AndroidManifest.xml:18:9-56
63        <activity
63-->src\main\AndroidManifest.xml:20:9-22:40
64            android:name="com.example.casopractico5.OpenSteetMapActivity"
64-->src\main\AndroidManifest.xml:21:13-49
65            android:exported="false" />
65-->src\main\AndroidManifest.xml:22:13-37
66        <!--
67             TODO: Before you run your application, you need a Google Maps API key.
68
69             To get one, follow the directions here:
70
71                https://developers.google.com/maps/documentation/android-sdk/get-api-key
72
73             Once you have your API key (it starts with "AIza"), define a new property in your
74             project's local.properties file (e.g. MAPS_API_KEY=Aiza...), and replace the
75             "YOUR_API_KEY" string in this file with "${MAPS_API_KEY}".
76        -->
77        <meta-data
77-->src\main\AndroidManifest.xml:34:9-36:71
78            android:name="com.google.android.geo.API_KEY"
78-->src\main\AndroidManifest.xml:35:13-58
79            android:value="AIzaSyAL04hawTwhHsyICpKz_0PfeZohAtn5ALA" />
79-->src\main\AndroidManifest.xml:36:13-68
80
81        <activity
81-->src\main\AndroidManifest.xml:38:9-41:59
82            android:name="com.example.casopractico5.MapsActivity"
82-->src\main\AndroidManifest.xml:39:13-41
83            android:exported="false"
83-->src\main\AndroidManifest.xml:40:13-37
84            android:label="@string/title_activity_maps" />
84-->src\main\AndroidManifest.xml:41:13-56
85        <activity
85-->src\main\AndroidManifest.xml:42:9-51:20
86            android:name="com.example.casopractico5.Login"
86-->src\main\AndroidManifest.xml:43:13-34
87            android:exported="true"
87-->src\main\AndroidManifest.xml:44:13-36
88            android:theme="@style/Theme.APP.Starting" >
88-->src\main\AndroidManifest.xml:45:13-54
89            <intent-filter>
89-->src\main\AndroidManifest.xml:46:13-50:29
90                <action android:name="android.intent.action.MAIN" />
90-->src\main\AndroidManifest.xml:47:17-69
90-->src\main\AndroidManifest.xml:47:25-66
91
92                <category android:name="android.intent.category.LAUNCHER" />
92-->src\main\AndroidManifest.xml:49:17-77
92-->src\main\AndroidManifest.xml:49:27-74
93            </intent-filter>
94        </activity>
95        <activity
95-->src\main\AndroidManifest.xml:52:9-54:40
96            android:name="com.example.casopractico5.EditComunity"
96-->src\main\AndroidManifest.xml:53:13-41
97            android:exported="false" />
97-->src\main\AndroidManifest.xml:54:13-37
98        <activity
98-->src\main\AndroidManifest.xml:55:9-57:39
99            android:name="com.example.casopractico5.MainActivity"
99-->src\main\AndroidManifest.xml:56:13-41
100            android:exported="true" />
100-->src\main\AndroidManifest.xml:57:13-36
101        <!-- Needs to be explicitly declared on P+ -->
102        <uses-library
102-->[com.google.android.gms:play-services-maps:18.2.0] AndroidManifest.xml:39:9-41:40
103            android:name="org.apache.http.legacy"
103-->[com.google.android.gms:play-services-maps:18.2.0] AndroidManifest.xml:40:13-50
104            android:required="false" />
104-->[com.google.android.gms:play-services-maps:18.2.0] AndroidManifest.xml:41:13-37
105
106        <activity
106-->[com.google.android.gms:play-services-base:18.0.1] AndroidManifest.xml:20:9-22:45
107            android:name="com.google.android.gms.common.api.GoogleApiActivity"
107-->[com.google.android.gms:play-services-base:18.0.1] AndroidManifest.xml:20:19-85
108            android:exported="false"
108-->[com.google.android.gms:play-services-base:18.0.1] AndroidManifest.xml:22:19-43
109            android:theme="@android:style/Theme.Translucent.NoTitleBar" />
109-->[com.google.android.gms:play-services-base:18.0.1] AndroidManifest.xml:21:19-78
110
111        <meta-data
111-->[com.google.android.gms:play-services-basement:18.0.0] AndroidManifest.xml:21:9-23:69
112            android:name="com.google.android.gms.version"
112-->[com.google.android.gms:play-services-basement:18.0.0] AndroidManifest.xml:22:13-58
113            android:value="@integer/google_play_services_version" />
113-->[com.google.android.gms:play-services-basement:18.0.0] AndroidManifest.xml:23:13-66
114
115        <provider
115-->[androidx.emoji2:emoji2:1.2.0] AndroidManifest.xml:24:9-32:20
116            android:name="androidx.startup.InitializationProvider"
116-->[androidx.emoji2:emoji2:1.2.0] AndroidManifest.xml:25:13-67
117            android:authorities="com.example.casopractico5.androidx-startup"
117-->[androidx.emoji2:emoji2:1.2.0] AndroidManifest.xml:26:13-68
118            android:exported="false" >
118-->[androidx.emoji2:emoji2:1.2.0] AndroidManifest.xml:27:13-37
119            <meta-data
119-->[androidx.emoji2:emoji2:1.2.0] AndroidManifest.xml:29:13-31:52
120                android:name="androidx.emoji2.text.EmojiCompatInitializer"
120-->[androidx.emoji2:emoji2:1.2.0] AndroidManifest.xml:30:17-75
121                android:value="androidx.startup" />
121-->[androidx.emoji2:emoji2:1.2.0] AndroidManifest.xml:31:17-49
122            <meta-data
122-->[androidx.lifecycle:lifecycle-process:2.6.1] AndroidManifest.xml:29:13-31:52
123                android:name="androidx.lifecycle.ProcessLifecycleInitializer"
123-->[androidx.lifecycle:lifecycle-process:2.6.1] AndroidManifest.xml:30:17-78
124                android:value="androidx.startup" />
124-->[androidx.lifecycle:lifecycle-process:2.6.1] AndroidManifest.xml:31:17-49
125            <meta-data
125-->[androidx.profileinstaller:profileinstaller:1.3.0] AndroidManifest.xml:29:13-31:52
126                android:name="androidx.profileinstaller.ProfileInstallerInitializer"
126-->[androidx.profileinstaller:profileinstaller:1.3.0] AndroidManifest.xml:30:17-85
127                android:value="androidx.startup" />
127-->[androidx.profileinstaller:profileinstaller:1.3.0] AndroidManifest.xml:31:17-49
128        </provider>
129        <provider
129-->[com.squareup.picasso:picasso:2.71828] AndroidManifest.xml:8:9-11:40
130            android:name="com.squareup.picasso.PicassoProvider"
130-->[com.squareup.picasso:picasso:2.71828] AndroidManifest.xml:9:13-64
131            android:authorities="com.example.casopractico5.com.squareup.picasso"
131-->[com.squareup.picasso:picasso:2.71828] AndroidManifest.xml:10:13-72
132            android:exported="false" />
132-->[com.squareup.picasso:picasso:2.71828] AndroidManifest.xml:11:13-37
133
134        <receiver
134-->[androidx.profileinstaller:profileinstaller:1.3.0] AndroidManifest.xml:34:9-52:20
135            android:name="androidx.profileinstaller.ProfileInstallReceiver"
135-->[androidx.profileinstaller:profileinstaller:1.3.0] AndroidManifest.xml:35:13-76
136            android:directBootAware="false"
136-->[androidx.profileinstaller:profileinstaller:1.3.0] AndroidManifest.xml:36:13-44
137            android:enabled="true"
137-->[androidx.profileinstaller:profileinstaller:1.3.0] AndroidManifest.xml:37:13-35
138            android:exported="true"
138-->[androidx.profileinstaller:profileinstaller:1.3.0] AndroidManifest.xml:38:13-36
139            android:permission="android.permission.DUMP" >
139-->[androidx.profileinstaller:profileinstaller:1.3.0] AndroidManifest.xml:39:13-57
140            <intent-filter>
140-->[androidx.profileinstaller:profileinstaller:1.3.0] AndroidManifest.xml:40:13-42:29
141                <action android:name="androidx.profileinstaller.action.INSTALL_PROFILE" />
141-->[androidx.profileinstaller:profileinstaller:1.3.0] AndroidManifest.xml:41:17-91
141-->[androidx.profileinstaller:profileinstaller:1.3.0] AndroidManifest.xml:41:25-88
142            </intent-filter>
143            <intent-filter>
143-->[androidx.profileinstaller:profileinstaller:1.3.0] AndroidManifest.xml:43:13-45:29
144                <action android:name="androidx.profileinstaller.action.SKIP_FILE" />
144-->[androidx.profileinstaller:profileinstaller:1.3.0] AndroidManifest.xml:44:17-85
144-->[androidx.profileinstaller:profileinstaller:1.3.0] AndroidManifest.xml:44:25-82
145            </intent-filter>
146            <intent-filter>
146-->[androidx.profileinstaller:profileinstaller:1.3.0] AndroidManifest.xml:46:13-48:29
147                <action android:name="androidx.profileinstaller.action.SAVE_PROFILE" />
147-->[androidx.profileinstaller:profileinstaller:1.3.0] AndroidManifest.xml:47:17-88
147-->[androidx.profileinstaller:profileinstaller:1.3.0] AndroidManifest.xml:47:25-85
148            </intent-filter>
149            <intent-filter>
149-->[androidx.profileinstaller:profileinstaller:1.3.0] AndroidManifest.xml:49:13-51:29
150                <action android:name="androidx.profileinstaller.action.BENCHMARK_OPERATION" />
150-->[androidx.profileinstaller:profileinstaller:1.3.0] AndroidManifest.xml:50:17-95
150-->[androidx.profileinstaller:profileinstaller:1.3.0] AndroidManifest.xml:50:25-92
151            </intent-filter>
152        </receiver>
153    </application>
154
155</manifest>